This is pdfTeX, Version 3.1415926-2.4-1.40.13 (MiKTeX 2.9 64-bit) (preloaded format=pdflatex 2015.5.12)  2 FEB 2016 17:49
entering extended mode
**D:/wobbes/Documents/MATLAB/NEW/MPMtry/presentatie/03feb16.tex
(D:/wobbes/Documents/MATLAB/NEW/MPMtry/presentatie/03feb16.tex
LaTeX2e <2011/06/27>
Babel <v3.8m> and hyphenation patterns for english, afrikaans, ancientgreek, ar
abic, armenian, assamese, basque, bengali, bokmal, bulgarian, catalan, coptic, 
croatian, czech, danish, dutch, esperanto, estonian, farsi, finnish, french, ga
lician, german, german-x-2012-05-30, greek, gujarati, hindi, hungarian, iceland
ic, indonesian, interlingua, irish, italian, kannada, kurmanji, latin, latvian,
 lithuanian, malayalam, marathi, mongolian, mongolianlmc, monogreek, ngerman, n
german-x-2012-05-30, nynorsk, oriya, panjabi, pinyin, polish, portuguese, roman
ian, russian, sanskrit, serbian, slovak, slovenian, spanish, swedish, swissgerm
an, tamil, telugu, turkish, turkmen, ukenglish, ukrainian, uppersorbian, usengl
ishmax, welsh, loaded.
("D:\wobbes\Desktop\New folder\tex\latex\beamer\base\beamer.cls"
("D:\wobbes\Desktop\New folder\tex\latex\beamer\base\beamerbasercs.sty"
Package: beamerbasercs 2015/03/08 (rcs-revision 368aa9ba9d38)
)
Document Class: beamer 2015/01/05 3.36 A class for typesetting presentations (r
cs-revision 8a39122e1f63)
("D:\wobbes\Desktop\New folder\tex\latex\beamer\base\beamerbasemodes.sty"
Package: beamerbasemodes 2013/09/03 (rcs-revision 768f2d98ca64)
\beamer@tempbox=\box26
\beamer@tempcount=\count79
\c@beamerpauses=\count80

("D:\wobbes\Desktop\New folder\tex\latex\beamer\base\beamerbasedecode.sty"
Package: beamerbasedecode 2010/05/01 (rcs-revision efa082c6111d)
\beamer@slideinframe=\count81
\beamer@minimum=\count82
)
\beamer@commentbox=\box27
\beamer@modecount=\count83
)
("C:\Program Files\MiKTeX 2.9\tex\generic\oberdiek\ifpdf.sty"
Package: ifpdf 2011/01/30 v2.3 Provides the ifpdf switch (HO)
Package ifpdf Info: pdfTeX in PDF mode is detected.
)
\headheight=\dimen102
\headdp=\dimen103
\footheight=\dimen104
\sidebarheight=\dimen105
\beamer@tempdim=\dimen106
\beamer@finalheight=\dimen107
\beamer@animht=\dimen108
\beamer@animdp=\dimen109
\beamer@animwd=\dimen110
\beamer@leftmargin=\dimen111
\beamer@rightmargin=\dimen112
\beamer@leftsidebar=\dimen113
\beamer@rightsidebar=\dimen114
\beamer@boxsize=\dimen115
\beamer@vboxoffset=\dimen116
\beamer@descdefault=\dimen117
\beamer@descriptionwidth=\dimen118
\beamer@lastskip=\skip41
\beamer@areabox=\box28
\beamer@animcurrent=\box29
\beamer@animshowbox=\box30
\beamer@sectionbox=\box31
\beamer@logobox=\box32
\beamer@linebox=\box33
\beamer@sectioncount=\count84
\beamer@subsubsectionmax=\count85
\beamer@subsectionmax=\count86
\beamer@sectionmax=\count87
\beamer@totalheads=\count88
\beamer@headcounter=\count89
\beamer@partstartpage=\count90
\beamer@sectionstartpage=\count91
\beamer@subsectionstartpage=\count92
\beamer@animationtempa=\count93
\beamer@animationtempb=\count94
\beamer@xpos=\count95
\beamer@ypos=\count96
\beamer@showpartnumber=\count97
\beamer@currentsubsection=\count98
\beamer@coveringdepth=\count99
\beamer@sectionadjust=\count100
\beamer@tocsectionnumber=\count101

("D:\wobbes\Desktop\New folder\tex\latex\beamer\base\beamerbaseoptions.sty"
Package: beamerbaseoptions 2013/03/10 (rcs-revision 47431932db0d)

("C:\Program Files\MiKTeX 2.9\tex\latex\graphics\keyval.sty"
Package: keyval 1999/03/16 v1.13 key=value parser (DPC)
\KV@toks@=\toks14
))
\beamer@paperwidth=\skip42
\beamer@paperheight=\skip43

("C:\Program Files\MiKTeX 2.9\tex\latex\geometry\geometry.sty"
Package: geometry 2010/09/12 v5.6 Page Geometry

("C:\Program Files\MiKTeX 2.9\tex\generic\oberdiek\ifvtex.sty"
Package: ifvtex 2010/03/01 v1.5 Detect VTeX and its facilities (HO)
Package ifvtex Info: VTeX not detected.
)
("C:\Program Files\MiKTeX 2.9\tex\generic\ifxetex\ifxetex.sty"
Package: ifxetex 2010/09/12 v0.6 Provides ifxetex conditional
)
\Gm@cnth=\count102
\Gm@cntv=\count103
\c@Gm@tempcnt=\count104
\Gm@bindingoffset=\dimen119
\Gm@wd@mp=\dimen120
\Gm@odd@mp=\dimen121
\Gm@even@mp=\dimen122
\Gm@layoutwidth=\dimen123
\Gm@layoutheight=\dimen124
\Gm@layouthoffset=\dimen125
\Gm@layoutvoffset=\dimen126
\Gm@dimlist=\toks15

("C:\Program Files\MiKTeX 2.9\tex\latex\geometry\geometry.cfg"))

Class beamer Warning: ``mathserif'' is obsolete. Use font theme ``serif'' with 
option ``onlymath'' on input line 348.


Class beamer Warning: ``professionalfont'' is obsolete. Use font theme ``profes
sionalfonts'' instead on input line 348.

("C:\Program Files\MiKTeX 2.9\tex\latex\base\size11.clo"
File: size11.clo 2007/10/19 v1.4h Standard LaTeX file (size option)
)
("D:\wobbes\Desktop\New folder\tex\latex\pgf\basiclayer\pgfcore.sty"
("C:\Program Files\MiKTeX 2.9\tex\latex\graphics\graphicx.sty"
Package: graphicx 1999/02/16 v1.0f Enhanced LaTeX Graphics (DPC,SPQR)

("C:\Program Files\MiKTeX 2.9\tex\latex\graphics\graphics.sty"
Package: graphics 2009/02/05 v1.0o Standard LaTeX Graphics (DPC,SPQR)

("C:\Program Files\MiKTeX 2.9\tex\latex\graphics\trig.sty"
Package: trig 1999/03/16 v1.09 sin cos tan (DPC)
)
("C:\Program Files\MiKTeX 2.9\tex\latex\00miktex\graphics.cfg"
File: graphics.cfg 2007/01/18 v1.5 graphics configuration of teTeX/TeXLive
)
Package graphics Info: Driver file: pdftex.def on input line 91.

("C:\Program Files\MiKTeX 2.9\tex\latex\pdftex-def\pdftex.def"
File: pdftex.def 2011/05/27 v0.06d Graphics/color for pdfTeX

("C:\Program Files\MiKTeX 2.9\tex\generic\oberdiek\infwarerr.sty"
Package: infwarerr 2010/04/08 v1.3 Providing info/warning/error messages (HO)
)
("C:\Program Files\MiKTeX 2.9\tex\generic\oberdiek\ltxcmds.sty"
Package: ltxcmds 2011/11/09 v1.22 LaTeX kernel commands for general use (HO)
)
\Gread@gobject=\count105
))
\Gin@req@height=\dimen127
\Gin@req@width=\dimen128
)
("D:\wobbes\Desktop\New folder\tex\latex\pgf\systemlayer\pgfsys.sty"
("D:\wobbes\Desktop\New folder\tex\latex\pgf\utilities\pgfrcs.sty"
("D:\wobbes\Desktop\New folder\tex\generic\pgf\utilities\pgfutil-common.tex"
\pgfutil@everybye=\toks16
\pgfutil@tempdima=\dimen129
\pgfutil@tempdimb=\dimen130

("D:\wobbes\Desktop\New folder\tex\generic\pgf\utilities\pgfutil-common-lists.t
ex")) ("D:\wobbes\Desktop\New folder\tex\generic\pgf\utilities\pgfutil-latex.de
f"
\pgfutil@abb=\box34
 ("D:\wobbes\Desktop\New folder\tex\latex\ms\everyshi.sty"
Package: everyshi 2001/05/15 v3.00 EveryShipout Package (MS)
))
("D:\wobbes\Desktop\New folder\tex\generic\pgf\utilities\pgfrcs.code.tex"
Package: pgfrcs 2013/12/20 v3.0.0 (rcs-revision 1.28)
))
("D:\wobbes\Desktop\New folder\tex\generic\pgf\systemlayer\pgfsys.code.tex"
Package: pgfsys 2013/11/30 v3.0.0 (rcs-revision 1.47)

("D:\wobbes\Desktop\New folder\tex\generic\pgf\utilities\pgfkeys.code.tex"
\pgfkeys@pathtoks=\toks17
\pgfkeys@temptoks=\toks18

("D:\wobbes\Desktop\New folder\tex\generic\pgf\utilities\pgfkeysfiltered.code.t
ex"
\pgfkeys@tmptoks=\toks19
))
\pgf@x=\dimen131
\pgf@y=\dimen132
\pgf@xa=\dimen133
\pgf@ya=\dimen134
\pgf@xb=\dimen135
\pgf@yb=\dimen136
\pgf@xc=\dimen137
\pgf@yc=\dimen138
\w@pgf@writea=\write3
\r@pgf@reada=\read1
\c@pgf@counta=\count106
\c@pgf@countb=\count107
\c@pgf@countc=\count108
\c@pgf@countd=\count109
\t@pgf@toka=\toks20
\t@pgf@tokb=\toks21
\t@pgf@tokc=\toks22
 ("D:\wobbes\Desktop\New folder\tex\generic\pgf\systemlayer\pgf.cfg"
File: pgf.cfg 2008/05/14  (rcs-revision 1.7)
)
Driver file for pgf: pgfsys-pdftex.def

("D:\wobbes\Desktop\New folder\tex\generic\pgf\systemlayer\pgfsys-pdftex.def"
File: pgfsys-pdftex.def 2013/07/18  (rcs-revision 1.33)

("D:\wobbes\Desktop\New folder\tex\generic\pgf\systemlayer\pgfsys-common-pdf.de
f"
File: pgfsys-common-pdf.def 2013/10/10  (rcs-revision 1.13)
)))
("D:\wobbes\Desktop\New folder\tex\generic\pgf\systemlayer\pgfsyssoftpath.code.
tex"
File: pgfsyssoftpath.code.tex 2013/09/09  (rcs-revision 1.9)
\pgfsyssoftpath@smallbuffer@items=\count110
\pgfsyssoftpath@bigbuffer@items=\count111
)
("D:\wobbes\Desktop\New folder\tex\generic\pgf\systemlayer\pgfsysprotocol.code.
tex"
File: pgfsysprotocol.code.tex 2006/10/16  (rcs-revision 1.4)
)) ("D:\wobbes\Desktop\New folder\tex\latex\xcolor\xcolor.sty"
Package: xcolor 2007/01/21 v2.11 LaTeX color extensions (UK)

("C:\Program Files\MiKTeX 2.9\tex\latex\00miktex\color.cfg"
File: color.cfg 2007/01/18 v1.5 color configuration of teTeX/TeXLive
)
Package xcolor Info: Driver file: pdftex.def on input line 225.
Package xcolor Info: Model `cmy' substituted by `cmy0' on input line 1337.
Package xcolor Info: Model `hsb' substituted by `rgb' on input line 1341.
Package xcolor Info: Model `RGB' extended on input line 1353.
Package xcolor Info: Model `HTML' substituted by `rgb' on input line 1355.
Package xcolor Info: Model `Hsb' substituted by `hsb' on input line 1356.
Package xcolor Info: Model `tHsb' substituted by `hsb' on input line 1357.
Package xcolor Info: Model `HSB' substituted by `hsb' on input line 1358.
Package xcolor Info: Model `Gray' substituted by `gray' on input line 1359.
Package xcolor Info: Model `wave' substituted by `hsb' on input line 1360.
)
("D:\wobbes\Desktop\New folder\tex\generic\pgf\basiclayer\pgfcore.code.tex"
Package: pgfcore 2010/04/11 v3.0.0 (rcs-revision 1.7)

("D:\wobbes\Desktop\New folder\tex\generic\pgf\math\pgfmath.code.tex"
("D:\wobbes\Desktop\New folder\tex\generic\pgf\math\pgfmathcalc.code.tex"
("D:\wobbes\Desktop\New folder\tex\generic\pgf\math\pgfmathutil.code.tex")
("D:\wobbes\Desktop\New folder\tex\generic\pgf\math\pgfmathparser.code.tex"
\pgfmath@dimen=\dimen139
\pgfmath@count=\count112
\pgfmath@box=\box35
\pgfmath@toks=\toks23
\pgfmath@stack@operand=\toks24
\pgfmath@stack@operation=\toks25
)
("D:\wobbes\Desktop\New folder\tex\generic\pgf\math\pgfmathfunctions.code.tex"
("D:\wobbes\Desktop\New folder\tex\generic\pgf\math\pgfmathfunctions.basic.code
.tex")
("D:\wobbes\Desktop\New folder\tex\generic\pgf\math\pgfmathfunctions.trigonomet
ric.code.tex")
("D:\wobbes\Desktop\New folder\tex\generic\pgf\math\pgfmathfunctions.random.cod
e.tex")
("D:\wobbes\Desktop\New folder\tex\generic\pgf\math\pgfmathfunctions.comparison
.code.tex")
("D:\wobbes\Desktop\New folder\tex\generic\pgf\math\pgfmathfunctions.base.code.
tex")
("D:\wobbes\Desktop\New folder\tex\generic\pgf\math\pgfmathfunctions.round.code
.tex")
("D:\wobbes\Desktop\New folder\tex\generic\pgf\math\pgfmathfunctions.misc.code.
tex")
("D:\wobbes\Desktop\New folder\tex\generic\pgf\math\pgfmathfunctions.integerari
thmetics.code.tex")))
("D:\wobbes\Desktop\New folder\tex\generic\pgf\math\pgfmathfloat.code.tex"
\c@pgfmathroundto@lastzeros=\count113
))
("D:\wobbes\Desktop\New folder\tex\generic\pgf\basiclayer\pgfcorepoints.code.te
x"
File: pgfcorepoints.code.tex 2013/10/07  (rcs-revision 1.27)
\pgf@picminx=\dimen140
\pgf@picmaxx=\dimen141
\pgf@picminy=\dimen142
\pgf@picmaxy=\dimen143
\pgf@pathminx=\dimen144
\pgf@pathmaxx=\dimen145
\pgf@pathminy=\dimen146
\pgf@pathmaxy=\dimen147
\pgf@xx=\dimen148
\pgf@xy=\dimen149
\pgf@yx=\dimen150
\pgf@yy=\dimen151
\pgf@zx=\dimen152
\pgf@zy=\dimen153
)
("D:\wobbes\Desktop\New folder\tex\generic\pgf\basiclayer\pgfcorepathconstruct.
code.tex"
File: pgfcorepathconstruct.code.tex 2013/10/07  (rcs-revision 1.29)
\pgf@path@lastx=\dimen154
\pgf@path@lasty=\dimen155
)
("D:\wobbes\Desktop\New folder\tex\generic\pgf\basiclayer\pgfcorepathusage.code
.tex"
File: pgfcorepathusage.code.tex 2013/12/13  (rcs-revision 1.23)
\pgf@shorten@end@additional=\dimen156
\pgf@shorten@start@additional=\dimen157
)
("D:\wobbes\Desktop\New folder\tex\generic\pgf\basiclayer\pgfcorescopes.code.te
x"
File: pgfcorescopes.code.tex 2013/10/09  (rcs-revision 1.44)
\pgfpic=\box36
\pgf@hbox=\box37
\pgf@layerbox@main=\box38
\pgf@picture@serial@count=\count114
)
("D:\wobbes\Desktop\New folder\tex\generic\pgf\basiclayer\pgfcoregraphicstate.c
ode.tex"
File: pgfcoregraphicstate.code.tex 2013/09/19  (rcs-revision 1.11)
\pgflinewidth=\dimen158
)
("D:\wobbes\Desktop\New folder\tex\generic\pgf\basiclayer\pgfcoretransformation
s.code.tex"
File: pgfcoretransformations.code.tex 2013/10/10  (rcs-revision 1.17)
\pgf@pt@x=\dimen159
\pgf@pt@y=\dimen160
\pgf@pt@temp=\dimen161
)
("D:\wobbes\Desktop\New folder\tex\generic\pgf\basiclayer\pgfcorequick.code.tex
"
File: pgfcorequick.code.tex 2008/10/09  (rcs-revision 1.3)
)
("D:\wobbes\Desktop\New folder\tex\generic\pgf\basiclayer\pgfcoreobjects.code.t
ex"
File: pgfcoreobjects.code.tex 2006/10/11  (rcs-revision 1.2)
)
("D:\wobbes\Desktop\New folder\tex\generic\pgf\basiclayer\pgfcorepathprocessing
.code.tex"
File: pgfcorepathprocessing.code.tex 2013/09/09  (rcs-revision 1.9)
)
("D:\wobbes\Desktop\New folder\tex\generic\pgf\basiclayer\pgfcorearrows.code.te
x"
File: pgfcorearrows.code.tex 2013/11/07  (rcs-revision 1.40)
\pgfarrowsep=\dimen162
)
("D:\wobbes\Desktop\New folder\tex\generic\pgf\basiclayer\pgfcoreshade.code.tex
"
File: pgfcoreshade.code.tex 2013/07/15  (rcs-revision 1.15)
\pgf@max=\dimen163
\pgf@sys@shading@range@num=\count115
)
("D:\wobbes\Desktop\New folder\tex\generic\pgf\basiclayer\pgfcoreimage.code.tex
"
File: pgfcoreimage.code.tex 2013/07/15  (rcs-revision 1.18)

("D:\wobbes\Desktop\New folder\tex\generic\pgf\basiclayer\pgfcoreexternal.code.
tex"
File: pgfcoreexternal.code.tex 2013/07/15  (rcs-revision 1.20)
\pgfexternal@startupbox=\box39
))
("D:\wobbes\Desktop\New folder\tex\generic\pgf\basiclayer\pgfcorelayers.code.te
x"
File: pgfcorelayers.code.tex 2013/07/18  (rcs-revision 1.7)
)
("D:\wobbes\Desktop\New folder\tex\generic\pgf\basiclayer\pgfcoretransparency.c
ode.tex"
File: pgfcoretransparency.code.tex 2013/09/30  (rcs-revision 1.5)
)
("D:\wobbes\Desktop\New folder\tex\generic\pgf\basiclayer\pgfcorepatterns.code.
tex"
File: pgfcorepatterns.code.tex 2013/11/07  (rcs-revision 1.5)
))) ("D:\wobbes\Desktop\New folder\tex\latex\pgf\utilities\xxcolor.sty"
Package: xxcolor 2003/10/24 ver 0.1
\XC@nummixins=\count116
\XC@countmixins=\count117
)
("C:\Program Files\MiKTeX 2.9\tex\generic\oberdiek\atbegshi.sty"
Package: atbegshi 2011/10/05 v1.16 At begin shipout hook (HO)
)
("C:\Program Files\MiKTeX 2.9\tex\latex\hyperref\hyperref.sty"
Package: hyperref 2012/11/06 v6.83m Hypertext links for LaTeX

("C:\Program Files\MiKTeX 2.9\tex\generic\oberdiek\hobsub-hyperref.sty"
Package: hobsub-hyperref 2012/04/25 v1.12 Bundle oberdiek, subset hyperref (HO)


("C:\Program Files\MiKTeX 2.9\tex\generic\oberdiek\hobsub-generic.sty"
Package: hobsub-generic 2012/04/25 v1.12 Bundle oberdiek, subset generic (HO)
Package: hobsub 2012/04/25 v1.12 Construct package bundles (HO)
Package hobsub Info: Skipping package `infwarerr' (already loaded).
Package hobsub Info: Skipping package `ltxcmds' (already loaded).
Package: ifluatex 2010/03/01 v1.3 Provides the ifluatex switch (HO)
Package ifluatex Info: LuaTeX not detected.
Package hobsub Info: Skipping package `ifvtex' (already loaded).
Package: intcalc 2007/09/27 v1.1 Expandable calculations with integers (HO)
Package hobsub Info: Skipping package `ifpdf' (already loaded).
Package: etexcmds 2011/02/16 v1.5 Avoid name clashes with e-TeX commands (HO)
Package etexcmds Info: Could not find \expanded.
(etexcmds)             That can mean that you are not using pdfTeX 1.50 or
(etexcmds)             that some package has redefined \expanded.
(etexcmds)             In the latter case, load this package earlier.
Package: kvsetkeys 2012/04/25 v1.16 Key value parser (HO)
Package: kvdefinekeys 2011/04/07 v1.3 Define keys (HO)
Package: pdftexcmds 2011/11/29 v0.20 Utility functions of pdfTeX for LuaTeX (HO
)
Package pdftexcmds Info: LuaTeX not detected.
Package pdftexcmds Info: \pdf@primitive is available.
Package pdftexcmds Info: \pdf@ifprimitive is available.
Package pdftexcmds Info: \pdfdraftmode found.
Package: pdfescape 2011/11/25 v1.13 Implements pdfTeX's escape features (HO)
Package: bigintcalc 2012/04/08 v1.3 Expandable calculations on big integers (HO
)
Package: bitset 2011/01/30 v1.1 Handle bit-vector datatype (HO)
Package: uniquecounter 2011/01/30 v1.2 Provide unlimited unique counter (HO)
)
Package hobsub Info: Skipping package `hobsub' (already loaded).
Package: letltxmacro 2010/09/02 v1.4 Let assignment for LaTeX macros (HO)
Package: hopatch 2011/06/24 v1.1 Wrapper for package hooks (HO)
Package: xcolor-patch 2011/01/30 xcolor patch
Package: atveryend 2011/06/30 v1.8 Hooks at the very end of document (HO)
Package atveryend Info: \enddocument detected (standard20110627).
Package hobsub Info: Skipping package `atbegshi' (already loaded).
Package: refcount 2011/10/16 v3.4 Data extraction from label references (HO)
Package: hycolor 2011/01/30 v1.7 Color options for hyperref/bookmark (HO)
)
("C:\Program Files\MiKTeX 2.9\tex\latex\oberdiek\auxhook.sty"
Package: auxhook 2011/03/04 v1.3 Hooks for auxiliary files (HO)
)
("C:\Program Files\MiKTeX 2.9\tex\latex\oberdiek\kvoptions.sty"
Package: kvoptions 2011/06/30 v3.11 Key value format for package options (HO)
)
\@linkdim=\dimen164
\Hy@linkcounter=\count118
\Hy@pagecounter=\count119

("C:\Program Files\MiKTeX 2.9\tex\latex\hyperref\pd1enc.def"
File: pd1enc.def 2012/11/06 v6.83m Hyperref: PDFDocEncoding definition (HO)
)
\Hy@SavedSpaceFactor=\count120

("C:\Program Files\MiKTeX 2.9\tex\latex\00miktex\hyperref.cfg"
File: hyperref.cfg 2002/06/06 v1.2 hyperref configuration of TeXLive
)
Package hyperref Info: Option `bookmarks' set `true' on input line 4319.
Package hyperref Info: Option `bookmarksopen' set `true' on input line 4319.
Package hyperref Info: Option `pdfpagelabels' set `false' on input line 4319.
Package hyperref Info: Option `implicit' set `false' on input line 4319.
Package hyperref Info: Hyper figures OFF on input line 4443.
Package hyperref Info: Link nesting OFF on input line 4448.
Package hyperref Info: Hyper index ON on input line 4451.
Package hyperref Info: Plain pages OFF on input line 4458.
Package hyperref Info: Backreferencing OFF on input line 4463.
Package hyperref Info: Implicit mode OFF; no redefinition of LaTeX internals.
Package hyperref Info: Bookmarks ON on input line 4688.
\c@Hy@tempcnt=\count121

("C:\Program Files\MiKTeX 2.9\tex\latex\ltxmisc\url.sty"
\Urlmuskip=\muskip10
Package: url 2006/04/12  ver 3.3  Verb mode for urls, etc.
)
LaTeX Info: Redefining \url on input line 5041.
\XeTeXLinkMargin=\dimen165
\Fld@menulength=\count122
\Field@Width=\dimen166
\Fld@charsize=\dimen167
Package hyperref Info: Hyper figures OFF on input line 6295.
Package hyperref Info: Link nesting OFF on input line 6300.
Package hyperref Info: Hyper index ON on input line 6303.
Package hyperref Info: backreferencing OFF on input line 6310.
Package hyperref Info: Link coloring OFF on input line 6315.
Package hyperref Info: Link coloring with OCG OFF on input line 6320.
Package hyperref Info: PDF/A mode OFF on input line 6325.
LaTeX Info: Redefining \ref on input line 6365.
LaTeX Info: Redefining \pageref on input line 6369.


Package hyperref Message: Stopped early.

)

Package hyperref Message: Driver (autodetected): hpdftex.

("C:\Program Files\MiKTeX 2.9\tex\latex\hyperref\hpdftex.def"
File: hpdftex.def 2012/11/06 v6.83m Hyperref driver for pdfTeX
\Fld@listcount=\count123
\c@bookmark@seq@number=\count124

("C:\Program Files\MiKTeX 2.9\tex\latex\oberdiek\rerunfilecheck.sty"
Package: rerunfilecheck 2011/04/15 v1.7 Rerun checks for auxiliary files (HO)
Package uniquecounter Info: New unique counter `rerunfilecheck' on input line 2
82.
))
("D:\wobbes\Desktop\New folder\tex\latex\beamer\base\beamerbaserequires.sty"
Package: beamerbaserequires 2010/05/01  (rcs-revision efa082c6111d)

("D:\wobbes\Desktop\New folder\tex\latex\beamer\base\beamerbasecompatibility.st
y"
Package: beamerbasecompatibility 2012/05/01  (rcs-revision 67c48b3b652d)
) ("D:\wobbes\Desktop\New folder\tex\latex\beamer\base\beamerbasefont.sty"
Package: beamerbasefont 2015/01/05  (rcs-revision b4b4bee242e2)

("C:\Program Files\MiKTeX 2.9\tex\latex\amsfonts\amssymb.sty"
Package: amssymb 2009/06/22 v3.00

("C:\Program Files\MiKTeX 2.9\tex\latex\amsfonts\amsfonts.sty"
Package: amsfonts 2009/06/22 v3.00 Basic AMSFonts support
\@emptytoks=\toks26
\symAMSa=\mathgroup4
\symAMSb=\mathgroup5
LaTeX Font Info:    Overwriting math alphabet `\mathfrak' in version `bold'
(Font)                  U/euf/m/n --> U/euf/b/n on input line 96.
)))
("D:\wobbes\Desktop\New folder\tex\latex\beamer\base\beamerbasetranslator.sty"
Package: beamerbasetranslator 2010/06/11  (rcs-revision 85fd1cc7fc42)

("D:\wobbes\Desktop\New folder\tex\latex\beamer\base\translator\translator.sty"
Package: translator 2010/06/12 ver 1.10

("D:\wobbes\Desktop\New folder\tex\latex\beamer\base\translator\translator-lang
uage-mappings.tex")))
("D:\wobbes\Desktop\New folder\tex\latex\beamer\base\beamerbasemisc.sty"
Package: beamerbasemisc 2013/09/03  (rcs-revision a55719c41d85)
)
("D:\wobbes\Desktop\New folder\tex\latex\beamer\base\beamerbasetwoscreens.sty"
Package: beamerbasetwoscreens 2010/05/01  (rcs-revision efa082c6111d)
) ("D:\wobbes\Desktop\New folder\tex\latex\beamer\base\beamerbaseoverlay.sty"
Package: beamerbaseoverlay 2013/12/25  (rcs-revision f6bd5e3805da)
\beamer@argscount=\count125
\beamer@lastskipcover=\skip44
\beamer@trivlistdepth=\count126
)
("D:\wobbes\Desktop\New folder\tex\latex\beamer\base\beamerbasetitle.sty"
Package: beamerbasetitle 2010/09/21  (rcs-revision f0446ed0b6ae)
)
("D:\wobbes\Desktop\New folder\tex\latex\beamer\base\beamerbasesection.sty"
Package: beamerbasesection 2013/06/07  (rcs-revision 60b9fe0f342f)
\c@lecture=\count127
\c@part=\count128
\c@section=\count129
\c@subsection=\count130
\c@subsubsection=\count131
)
("D:\wobbes\Desktop\New folder\tex\latex\beamer\base\beamerbaseframe.sty"
Package: beamerbaseframe 2014/02/20  (rcs-revision 4b8ceeeff434)
\beamer@framebox=\box40
\beamer@frametitlebox=\box41
\beamer@zoombox=\box42
\beamer@zoomcount=\count132
\beamer@zoomframecount=\count133
\beamer@frametextheight=\dimen168
\c@subsectionslide=\count134
\beamer@frametopskip=\skip45
\beamer@framebottomskip=\skip46
\beamer@frametopskipautobreak=\skip47
\beamer@framebottomskipautobreak=\skip48
\beamer@envbody=\toks27
\framewidth=\dimen169
\c@framenumber=\count135
)
("D:\wobbes\Desktop\New folder\tex\latex\beamer\base\beamerbaseverbatim.sty"
Package: beamerbaseverbatim 2015/01/05  (rcs-revision 431510bb5890)
\beamer@verbatimfileout=\write4
)
("D:\wobbes\Desktop\New folder\tex\latex\beamer\base\beamerbaseframesize.sty"
Package: beamerbaseframesize 2011/09/12  (rcs-revision 70f9d8411e54)
\beamer@splitbox=\box43
\beamer@autobreakcount=\count136
\beamer@autobreaklastheight=\dimen170
\beamer@frametitletoks=\toks28
\beamer@framesubtitletoks=\toks29
)
("D:\wobbes\Desktop\New folder\tex\latex\beamer\base\beamerbaseframecomponents.
sty"
Package: beamerbaseframecomponents 2013/10/18  (rcs-revision 5cf6c5555a45)
\beamer@footins=\box44
) ("D:\wobbes\Desktop\New folder\tex\latex\beamer\base\beamerbasecolor.sty"
Package: beamerbasecolor 2015/02/21  (rcs-revision d944b04ee2d5)
) ("D:\wobbes\Desktop\New folder\tex\latex\beamer\base\beamerbasenotes.sty"
Package: beamerbasenotes 2012/12/19  (rcs-revision 1686da3db3c9)
\beamer@frameboxcopy=\box45
)
("D:\wobbes\Desktop\New folder\tex\latex\beamer\base\beamerbasetoc.sty"
Package: beamerbasetoc 2015/03/08  (rcs-revision 7270298bbaae)
)
("D:\wobbes\Desktop\New folder\tex\latex\beamer\base\beamerbasetemplates.sty"
Package: beamerbasetemplates 2010/05/01  (rcs-revision efa082c6111d)
\beamer@sbttoks=\toks30

("D:\wobbes\Desktop\New folder\tex\latex\beamer\base\beamerbaseauxtemplates.sty
"
Package: beamerbaseauxtemplates 2014/06/30  (rcs-revision 580088513a67)
 ("D:\wobbes\Desktop\New folder\tex\latex\beamer\base\beamerbaseboxes.sty"
Package: beamerbaseboxes 2012/05/13  (rcs-revision 56972908a390)
\bmb@box=\box46
\bmb@colorbox=\box47
\bmb@boxshadow=\box48
\bmb@boxshadowball=\box49
\bmb@boxshadowballlarge=\box50
\bmb@temp=\dimen171
\bmb@dima=\dimen172
\bmb@dimb=\dimen173
\bmb@prevheight=\dimen174
)
\beamer@blockheadheight=\dimen175
))
("D:\wobbes\Desktop\New folder\tex\latex\beamer\base\beamerbaselocalstructure.s
ty"
Package: beamerbaselocalstructure 2014/09/10  (rcs-revision 393f6dcff371)
 ("C:\Program Files\MiKTeX 2.9\tex\latex\tools\enumerate.sty"
Package: enumerate 1999/03/05 v3.00 enumerate extensions (DPC)
\@enLab=\toks31
)
\c@figure=\count137
\c@table=\count138
\abovecaptionskip=\skip49
\belowcaptionskip=\skip50
)
("D:\wobbes\Desktop\New folder\tex\latex\beamer\base\beamerbasenavigation.sty"
Package: beamerbasenavigation 2015/02/27  (rcs-revision 923f4bf87efa)
\beamer@section@min@dim=\dimen176
) ("D:\wobbes\Desktop\New folder\tex\latex\beamer\base\beamerbasetheorems.sty"
Package: beamerbasetheorems 2010/06/06  (rcs-revision 7e7cc5e53e9d)

("C:\Program Files\MiKTeX 2.9\tex\latex\ams\math\amsmath.sty"
Package: amsmath 2000/07/18 v2.13 AMS math features
\@mathmargin=\skip51

For additional information on amsmath, use the `?' option.
("C:\Program Files\MiKTeX 2.9\tex\latex\ams\math\amstext.sty"
Package: amstext 2000/06/29 v2.01

("C:\Program Files\MiKTeX 2.9\tex\latex\ams\math\amsgen.sty"
File: amsgen.sty 1999/11/30 v2.0
\@emptytoks=\toks32
\ex@=\dimen177
))
("C:\Program Files\MiKTeX 2.9\tex\latex\ams\math\amsbsy.sty"
Package: amsbsy 1999/11/29 v1.2d
\pmbraise@=\dimen178
)
("C:\Program Files\MiKTeX 2.9\tex\latex\ams\math\amsopn.sty"
Package: amsopn 1999/12/14 v2.01 operator names
)
\inf@bad=\count139
LaTeX Info: Redefining \frac on input line 211.
\uproot@=\count140
\leftroot@=\count141
LaTeX Info: Redefining \overline on input line 307.
\classnum@=\count142
\DOTSCASE@=\count143
LaTeX Info: Redefining \ldots on input line 379.
LaTeX Info: Redefining \dots on input line 382.
LaTeX Info: Redefining \cdots on input line 467.
\Mathstrutbox@=\box51
\strutbox@=\box52
\big@size=\dimen179
LaTeX Font Info:    Redeclaring font encoding OML on input line 567.
LaTeX Font Info:    Redeclaring font encoding OMS on input line 568.
\macc@depth=\count144
\c@MaxMatrixCols=\count145
\dotsspace@=\muskip11
\c@parentequation=\count146
\dspbrk@lvl=\count147
\tag@help=\toks33
\row@=\count148
\column@=\count149
\maxfields@=\count150
\andhelp@=\toks34
\eqnshift@=\dimen180
\alignsep@=\dimen181
\tagshift@=\dimen182
\tagwidth@=\dimen183
\totwidth@=\dimen184
\lineht@=\dimen185
\@envbody=\toks35
\multlinegap=\skip52
\multlinetaggap=\skip53
\mathdisplay@stack=\toks36
LaTeX Info: Redefining \[ on input line 2666.
LaTeX Info: Redefining \] on input line 2667.
)
("C:\Program Files\MiKTeX 2.9\tex\latex\ams\classes\amsthm.sty"
Package: amsthm 2004/08/06 v2.20
\thm@style=\toks37
\thm@bodyfont=\toks38
\thm@headfont=\toks39
\thm@notefont=\toks40
\thm@headpunct=\toks41
\thm@preskip=\skip54
\thm@postskip=\skip55
\thm@headsep=\skip56
\dth@everypar=\toks42
)
\c@theorem=\count151
)
("D:\wobbes\Desktop\New folder\tex\latex\beamer\base\beamerbasethemes.sty"
Package: beamerbasethemes 2010/05/01  (rcs-revision efa082c6111d)
))
("D:\wobbes\Desktop\New folder\tex\latex\beamer\base\themes\theme\beamerthemede
fault.sty"
Package: beamerthemedefault 2010/06/17  (rcs-revision d02a7cf4d8ae)

("D:\wobbes\Desktop\New folder\tex\latex\beamer\base\themes\font\beamerfontthem
edefault.sty"
Package: beamerfontthemedefault 2012/12/19  (rcs-revision 1686da3db3c9)
)
("D:\wobbes\Desktop\New folder\tex\latex\beamer\base\themes\color\beamercolorth
emedefault.sty"
Package: beamercolorthemedefault 2012/12/19  (rcs-revision 1686da3db3c9)
)
("D:\wobbes\Desktop\New folder\tex\latex\beamer\base\themes\inner\beamerinnerth
emedefault.sty"
Package: beamerinnerthemedefault 2014/06/30  (rcs-revision 580088513a67)
\beamer@dima=\dimen186
\beamer@dimb=\dimen187
)
("D:\wobbes\Desktop\New folder\tex\latex\beamer\base\themes\outer\beamerouterth
emedefault.sty"
Package: beamerouterthemedefault 2012/12/19  (rcs-revision 1686da3db3c9)
))) ("D:\wobbes\Desktop\New folder\tex\latex\pxfonts\pxfonts.sty"
Package: pxfonts 2008/01/22 v1.1.1
LaTeX Font Info:    Redeclaring symbol font `operators' on input line 21.
LaTeX Font Info:    Overwriting symbol font `operators' in version `normal'
(Font)                  OT1/cmr/m/n --> OT1/pxr/m/n on input line 21.
LaTeX Font Info:    Overwriting symbol font `operators' in version `bold'
(Font)                  OT1/cmr/bx/n --> OT1/pxr/m/n on input line 21.
LaTeX Font Info:    Overwriting symbol font `operators' in version `bold'
(Font)                  OT1/pxr/m/n --> OT1/pxr/bx/n on input line 22.
\symitalic=\mathgroup6
LaTeX Font Info:    Overwriting symbol font `italic' in version `bold'
(Font)                  OT1/pxr/m/it --> OT1/pxr/bx/it on input line 26.
LaTeX Font Info:    Redeclaring math alphabet \mathbf on input line 29.
LaTeX Font Info:    Overwriting math alphabet `\mathbf' in version `normal'
(Font)                  OT1/cmr/bx/n --> OT1/pxr/bx/n on input line 29.
LaTeX Font Info:    Overwriting math alphabet `\mathbf' in version `bold'
(Font)                  OT1/cmr/bx/n --> OT1/pxr/bx/n on input line 29.
LaTeX Font Info:    Redeclaring math alphabet \mathit on input line 30.
LaTeX Font Info:    Overwriting math alphabet `\mathit' in version `normal'
(Font)                  OT1/cmr/m/it --> OT1/pxr/m/it on input line 30.
LaTeX Font Info:    Overwriting math alphabet `\mathit' in version `bold'
(Font)                  OT1/cmr/bx/it --> OT1/pxr/m/it on input line 30.
LaTeX Font Info:    Overwriting math alphabet `\mathit' in version `bold'
(Font)                  OT1/pxr/m/it --> OT1/pxr/bx/it on input line 31.
LaTeX Font Info:    Redeclaring math alphabet \mathsf on input line 40.
LaTeX Font Info:    Overwriting math alphabet `\mathsf' in version `normal'
(Font)                  OT1/cmss/m/n --> OT1/pxss/m/n on input line 40.
LaTeX Font Info:    Overwriting math alphabet `\mathsf' in version `bold'
(Font)                  OT1/cmss/bx/n --> OT1/pxss/m/n on input line 40.
LaTeX Font Info:    Overwriting math alphabet `\mathsf' in version `bold'
(Font)                  OT1/pxss/m/n --> OT1/pxss/b/n on input line 41.
LaTeX Font Info:    Redeclaring math alphabet \mathtt on input line 50.
LaTeX Font Info:    Overwriting math alphabet `\mathtt' in version `normal'
(Font)                  OT1/cmtt/m/n --> OT1/pxtt/m/n on input line 50.
LaTeX Font Info:    Overwriting math alphabet `\mathtt' in version `bold'
(Font)                  OT1/cmtt/m/n --> OT1/pxtt/m/n on input line 50.
LaTeX Font Info:    Overwriting math alphabet `\mathtt' in version `bold'
(Font)                  OT1/pxtt/m/n --> OT1/pxtt/b/n on input line 51.
LaTeX Font Info:    Redeclaring symbol font `letters' on input line 58.
LaTeX Font Info:    Overwriting symbol font `letters' in version `normal'
(Font)                  OML/cmm/m/it --> OML/pxmi/m/it on input line 58.
LaTeX Font Info:    Overwriting symbol font `letters' in version `bold'
(Font)                  OML/cmm/b/it --> OML/pxmi/m/it on input line 58.
LaTeX Font Info:    Overwriting symbol font `letters' in version `bold'
(Font)                  OML/pxmi/m/it --> OML/pxmi/bx/it on input line 59.
\symlettersA=\mathgroup7
LaTeX Font Info:    Overwriting symbol font `lettersA' in version `bold'
(Font)                  U/pxmia/m/it --> U/pxmia/bx/it on input line 67.
LaTeX Font Info:    Redeclaring math alphabet \mathfrak on input line 70.
LaTeX Font Info:    Redeclaring symbol font `symbols' on input line 77.
LaTeX Font Info:    Overwriting symbol font `symbols' in version `normal'
(Font)                  OMS/cmsy/m/n --> OMS/pxsy/m/n on input line 77.
LaTeX Font Info:    Overwriting symbol font `symbols' in version `bold'
(Font)                  OMS/cmsy/b/n --> OMS/pxsy/m/n on input line 77.
LaTeX Font Info:    Overwriting symbol font `symbols' in version `bold'
(Font)                  OMS/pxsy/m/n --> OMS/pxsy/bx/n on input line 78.
LaTeX Font Info:    Redeclaring symbol font `AMSa' on input line 93.
LaTeX Font Info:    Overwriting symbol font `AMSa' in version `normal'
(Font)                  U/msa/m/n --> U/pxsya/m/n on input line 93.
LaTeX Font Info:    Overwriting symbol font `AMSa' in version `bold'
(Font)                  U/msa/m/n --> U/pxsya/m/n on input line 93.
LaTeX Font Info:    Overwriting symbol font `AMSa' in version `bold'
(Font)                  U/pxsya/m/n --> U/pxsya/bx/n on input line 94.
LaTeX Font Info:    Redeclaring symbol font `AMSb' on input line 102.
LaTeX Font Info:    Overwriting symbol font `AMSb' in version `normal'
(Font)                  U/msb/m/n --> U/pxsyb/m/n on input line 102.
LaTeX Font Info:    Overwriting symbol font `AMSb' in version `bold'
(Font)                  U/msb/m/n --> U/pxsyb/m/n on input line 102.
LaTeX Font Info:    Overwriting symbol font `AMSb' in version `bold'
(Font)                  U/pxsyb/m/n --> U/pxsyb/bx/n on input line 103.
\symsymbolsC=\mathgroup8
LaTeX Font Info:    Overwriting symbol font `symbolsC' in version `bold'
(Font)                  U/pxsyc/m/n --> U/pxsyc/bx/n on input line 113.
LaTeX Font Info:    Redeclaring symbol font `largesymbols' on input line 120.
LaTeX Font Info:    Overwriting symbol font `largesymbols' in version `normal'
(Font)                  OMX/cmex/m/n --> OMX/pxex/m/n on input line 120.
LaTeX Font Info:    Overwriting symbol font `largesymbols' in version `bold'
(Font)                  OMX/cmex/m/n --> OMX/pxex/m/n on input line 120.
LaTeX Font Info:    Overwriting symbol font `largesymbols' in version `bold'
(Font)                  OMX/pxex/m/n --> OMX/pxex/bx/n on input line 121.
\symlargesymbolsA=\mathgroup9
LaTeX Font Info:    Overwriting symbol font `largesymbolsA' in version `bold'
(Font)                  U/pxexa/m/n --> U/pxexa/bx/n on input line 129.
LaTeX Info: Redefining \not on input line 997.
LaTeX Info: Redefining \textsquare on input line 1017.
LaTeX Info: Redefining \openbox on input line 1018.
) ("C:\Program Files\MiKTeX 2.9\tex\generic\babel\babel.sty"
Package: babel 2008/07/08 v3.8m The Babel package

*************************************
* Local config file bblopts.cfg used
*
("C:\Program Files\MiKTeX 2.9\tex\latex\00miktex\bblopts.cfg"
File: bblopts.cfg 2006/07/31 v1.0 MiKTeX 'babel' configuration
)
("C:\Program Files\MiKTeX 2.9\tex\generic\babel\english.ldf"
Language: english 2005/03/30 v3.3o English support from the babel system

("C:\Program Files\MiKTeX 2.9\tex\generic\babel\babel.def"
File: babel.def 2008/07/08 v3.8m Babel common definitions
LaTeX Info: Redefining \textlatin on input line 82.
\babel@savecnt=\count152
\U@D=\dimen188
)
\l@canadian = a dialect from \language\l@american 
\l@australian = a dialect from \language\l@british 
\l@newzealand = a dialect from \language\l@british 
))
("C:\Program Files\MiKTeX 2.9\tex\latex\tools\calc.sty"
Package: calc 2007/08/22 v4.3 Infix arithmetic (KKT,FJ)
\calc@Acount=\count153
\calc@Bcount=\count154
\calc@Adimen=\dimen189
\calc@Bdimen=\dimen190
\calc@Askip=\skip57
\calc@Bskip=\skip58
LaTeX Info: Redefining \setlength on input line 76.
LaTeX Info: Redefining \addtolength on input line 77.
\calc@Ccount=\count155
\calc@Cskip=\skip59
)
("D:\wobbes\Desktop\New folder\tex\latex\textpos\textpos.sty"
Package: textpos 2014/01/03 v1.7j

Package: textpos 2014/01/03 1.7j, absolute positioning of text on the page
\TP@textbox=\box53
\TP@holdbox=\box54
\TPHorizModule=\dimen191
\TPVertModule=\dimen192
\TP@margin=\dimen193
\TP@absmargin=\dimen194
Grid set 16 x 16 = 22.7622pt x 17.07166pt
\TPboxrulesize=\dimen195
\TP@ox=\dimen196
\TP@oy=\dimen197
\TP@tbargs=\toks43
\TP@prevdepth=\dimen198
TextBlockOrigin set to 0pt x 0pt
) (D:\wobbes\Documents\MATLAB\NEW\MPMtry\presentatie\beamerthemetud.sty
(D:\wobbes\Documents\MATLAB\NEW\MPMtry\presentatie\beamerfontthemetud.sty)
(D:\wobbes\Documents\MATLAB\NEW\MPMtry\presentatie\beamercolorthemetud.sty)
(D:\wobbes\Documents\MATLAB\NEW\MPMtry\presentatie\beamerinnerthemetud.sty)
(D:\wobbes\Documents\MATLAB\NEW\MPMtry\presentatie\beamerouterthemetud.sty))
("D:\wobbes\Desktop\New folder\tex\latex\tcolorbox\tcolorbox.sty"
Package: tcolorbox 2015/10/16 version 3.73 text color boxes

("D:\wobbes\Desktop\New folder\tex\latex\pgf\basiclayer\pgf.sty"
Package: pgf 2013/12/18 v3.0.0 (rcs-revision 1.14)

("D:\wobbes\Desktop\New folder\tex\generic\pgf\modules\pgfmoduleshapes.code.tex
"
File: pgfmoduleshapes.code.tex 2013/10/31  (rcs-revision 1.34)
\pgfnodeparttextbox=\box55
) ("D:\wobbes\Desktop\New folder\tex\generic\pgf\modules\pgfmoduleplot.code.tex
"
File: pgfmoduleplot.code.tex 2013/07/31  (rcs-revision 1.12)
)
("D:\wobbes\Desktop\New folder\tex\latex\pgf\compatibility\pgfcomp-version-0-65
.sty"
Package: pgfcomp-version-0-65 2007/07/03 v3.0.0 (rcs-revision 1.7)
\pgf@nodesepstart=\dimen199
\pgf@nodesepend=\dimen200
)
("D:\wobbes\Desktop\New folder\tex\latex\pgf\compatibility\pgfcomp-version-1-18
.sty"
Package: pgfcomp-version-1-18 2007/07/23 v3.0.0 (rcs-revision 1.1)
)) ("C:\Program Files\MiKTeX 2.9\tex\latex\tools\verbatim.sty"
Package: verbatim 2003/08/22 v1.5q LaTeX2e package for verbatim enhancements
\every@verbatim=\toks44
\verbatim@line=\toks45
\verbatim@in@stream=\read2
)
("D:\wobbes\Desktop\New folder\tex\latex\environ\environ.sty"
Package: environ 2014/05/04 v0.3 A new way to define environments

("D:\wobbes\Desktop\New folder\tex\latex\trimspaces\trimspaces.sty"
Package: trimspaces 2009/09/17 v1.1 Trim spaces around a token list
))
("D:\wobbes\Desktop\New folder\tex\latex\etoolbox\etoolbox.sty"
Package: etoolbox 2015/03/19 v2.1d e-TeX tools for LaTeX (JAW)

("C:\Program Files\MiKTeX 2.9\tex\latex\misc\etex.sty"
Package: etex 1998/03/26 v2.0 eTeX basic definition package (PEB)
\et@xins=\count156
)
\etb@tempcnta=\count157
)
\tcb@titlebox=\box56
\tcb@upperbox=\box57
\tcb@lowerbox=\box58
\tcb@phantombox=\box59
\c@tcbbreakpart=\count158
\c@tcblayer=\count159
\tcb@temp=\box60
\tcb@temp=\box61
\tcb@temp=\box62
\tcb@temp=\box63
\tcb@out=\write5
\tcb@record@out=\write6
)
("D:\wobbes\Desktop\New folder\tex\latex\pgf\frontendlayer\tikz.sty"
("D:\wobbes\Desktop\New folder\tex\latex\pgf\utilities\pgffor.sty"
("D:\wobbes\Desktop\New folder\tex\latex\pgf\utilities\pgfkeys.sty"
("D:\wobbes\Desktop\New folder\tex\generic\pgf\utilities\pgfkeys.code.tex"))
("D:\wobbes\Desktop\New folder\tex\latex\pgf\math\pgfmath.sty"
("D:\wobbes\Desktop\New folder\tex\generic\pgf\math\pgfmath.code.tex"))
("D:\wobbes\Desktop\New folder\tex\generic\pgf\utilities\pgffor.code.tex"
Package: pgffor 2013/12/13 v3.0.0 (rcs-revision 1.25)

("D:\wobbes\Desktop\New folder\tex\generic\pgf\math\pgfmath.code.tex")
\pgffor@iter=\dimen201
\pgffor@skip=\dimen202
\pgffor@stack=\toks46
\pgffor@toks=\toks47
))
("D:\wobbes\Desktop\New folder\tex\generic\pgf\frontendlayer\tikz\tikz.code.tex
"
Package: tikz 2013/12/13 v3.0.0 (rcs-revision 1.142)

("D:\wobbes\Desktop\New folder\tex\generic\pgf\libraries\pgflibraryplothandlers
.code.tex"
File: pgflibraryplothandlers.code.tex 2013/08/31 v3.0.0 (rcs-revision 1.20)
\pgf@plot@mark@count=\count160
\pgfplotmarksize=\dimen203
)
\tikz@lastx=\dimen204
\tikz@lasty=\dimen205
\tikz@lastxsaved=\dimen206
\tikz@lastysaved=\dimen207
\tikzleveldistance=\dimen208
\tikzsiblingdistance=\dimen209
\tikz@figbox=\box64
\tikz@figbox@bg=\box65
\tikz@tempbox=\box66
\tikz@tempbox@bg=\box67
\tikztreelevel=\count161
\tikznumberofchildren=\count162
\tikznumberofcurrentchild=\count163
\tikz@fig@count=\count164

("D:\wobbes\Desktop\New folder\tex\generic\pgf\modules\pgfmodulematrix.code.tex
"
File: pgfmodulematrix.code.tex 2013/09/17  (rcs-revision 1.8)
\pgfmatrixcurrentrow=\count165
\pgfmatrixcurrentcolumn=\count166
\pgf@matrix@numberofcolumns=\count167
)
\tikz@expandcount=\count168

("D:\wobbes\Desktop\New folder\tex\generic\pgf\frontendlayer\tikz\libraries\tik
zlibrarytopaths.code.tex"
File: tikzlibrarytopaths.code.tex 2008/06/17 v3.0.0 (rcs-revision 1.2)
)))
("D:\wobbes\Desktop\New folder\tex\generic\pgf\frontendlayer\tikz\libraries\tik
zlibrarypositioning.code.tex"
File: tikzlibrarypositioning.code.tex 2008/10/06 v3.0.0 (rcs-revision 1.7)
)
("D:\wobbes\Desktop\New folder\tex\generic\pgf\frontendlayer\tikz\libraries\tik
zlibraryarrows.code.tex"
File: tikzlibraryarrows.code.tex 2008/01/09 v3.0.0 (rcs-revision 1.1)

("D:\wobbes\Desktop\New folder\tex\generic\pgf\libraries\pgflibraryarrows.code.
tex"
File: pgflibraryarrows.code.tex 2013/09/23 v3.0.0 (rcs-revision 1.16)
\arrowsize=\dimen210
)) ("C:\Program Files\MiKTeX 2.9\tex\latex\base\inputenc.sty"
Package: inputenc 2008/03/30 v1.1d Input encoding file
\inpenc@prehook=\toks48
\inpenc@posthook=\toks49

("D:\wobbes\Desktop\New folder\tex\latex\ucs\utf8x.def"
File: utf8x.def 2004/10/17 UCS: Input encoding UTF-8
))
("D:\wobbes\Desktop\New folder\tex\latex\ucs\ucs.sty"
Package: ucs 2013/05/11 v2.2 UCS: Unicode input support

("D:\wobbes\Desktop\New folder\tex\latex\ucs\uni-global.def"
File: uni-global.def 2013/05/13 UCS: Unicode global data
)
\uc@secondtry=\count169
\uc@combtoks=\toks50
\uc@combtoksb=\toks51
\uc@temptokena=\toks52
)
("C:\Program Files\MiKTeX 2.9\tex\latex\carlisle\scalefnt.sty")
("D:\wobbes\Desktop\New folder\tex\generic\pgf\frontendlayer\tikz\libraries\tik
zlibrarydecorations.markings.code.tex"
("D:\wobbes\Desktop\New folder\tex\generic\pgf\frontendlayer\tikz\libraries\tik
zlibrarydecorations.code.tex"
("D:\wobbes\Desktop\New folder\tex\generic\pgf\modules\pgfmoduledecorations.cod
e.tex"
\pgfdecoratedcompleteddistance=\dimen211
\pgfdecoratedremainingdistance=\dimen212
\pgfdecoratedinputsegmentcompleteddistance=\dimen213
\pgfdecoratedinputsegmentremainingdistance=\dimen214
\pgf@decorate@distancetomove=\dimen215
\pgf@decorate@repeatstate=\count170
\pgfdecorationsegmentamplitude=\dimen216
\pgfdecorationsegmentlength=\dimen217
)
\tikz@lib@dec@box=\box68
)
("D:\wobbes\Desktop\New folder\tex\generic\pgf\libraries\decorations\pgflibrary
decorations.markings.code.tex"))
("D:\wobbes\Desktop\New folder\tex\generic\pgf\frontendlayer\tikz\libraries\tik
zlibraryshapes.code.tex"
File: tikzlibraryshapes.code.tex 2008/01/09 v3.0.0 (rcs-revision 1.1)

("D:\wobbes\Desktop\New folder\tex\generic\pgf\frontendlayer\tikz\libraries\tik
zlibraryshapes.geometric.code.tex"
File: tikzlibraryshapes.geometric.code.tex 2008/01/09 v3.0.0 (rcs-revision 1.1)


("D:\wobbes\Desktop\New folder\tex\generic\pgf\libraries\shapes\pgflibraryshape
s.geometric.code.tex"
File: pgflibraryshapes.geometric.code.tex 2008/06/26 v3.0.0 (rcs-revision 1.1)
))
("D:\wobbes\Desktop\New folder\tex\generic\pgf\frontendlayer\tikz\libraries\tik
zlibraryshapes.misc.code.tex"
File: tikzlibraryshapes.misc.code.tex 2008/01/09 v3.0.0 (rcs-revision 1.1)

("D:\wobbes\Desktop\New folder\tex\generic\pgf\libraries\shapes\pgflibraryshape
s.misc.code.tex"
File: pgflibraryshapes.misc.code.tex 2013/07/18 v3.0.0 (rcs-revision 1.5)
))
("D:\wobbes\Desktop\New folder\tex\generic\pgf\frontendlayer\tikz\libraries\tik
zlibraryshapes.symbols.code.tex"
File: tikzlibraryshapes.symbols.code.tex 2008/01/09 v3.0.0 (rcs-revision 1.1)

("D:\wobbes\Desktop\New folder\tex\generic\pgf\libraries\shapes\pgflibraryshape
s.symbols.code.tex"
File: pgflibraryshapes.symbols.code.tex 2013/09/11 v3.0.0 (rcs-revision 1.6)
))
("D:\wobbes\Desktop\New folder\tex\generic\pgf\frontendlayer\tikz\libraries\tik
zlibraryshapes.arrows.code.tex"
File: tikzlibraryshapes.arrows.code.tex 2008/01/09 v3.0.0 (rcs-revision 1.1)

("D:\wobbes\Desktop\New folder\tex\generic\pgf\libraries\shapes\pgflibraryshape
s.arrows.code.tex"
File: pgflibraryshapes.arrows.code.tex 2008/06/26 v3.0.0 (rcs-revision 1.1)
))
("D:\wobbes\Desktop\New folder\tex\generic\pgf\frontendlayer\tikz\libraries\tik
zlibraryshapes.callouts.code.tex"
("D:\wobbes\Desktop\New folder\tex\generic\pgf\libraries\shapes\pgflibraryshape
s.callouts.code.tex"))
("D:\wobbes\Desktop\New folder\tex\generic\pgf\frontendlayer\tikz\libraries\tik
zlibraryshapes.multipart.code.tex"
File: tikzlibraryshapes.multipart.code.tex 2008/01/09 v3.0.0 (rcs-revision 1.1)


("D:\wobbes\Desktop\New folder\tex\generic\pgf\libraries\shapes\pgflibraryshape
s.multipart.code.tex"
File: pgflibraryshapes.multipart.code.tex 2010/01/07 v3.0.0 (rcs-revision 1.2)
\pgfnodepartlowerbox=\box69
\pgfnodeparttwobox=\box70
\pgfnodepartthreebox=\box71
\pgfnodepartfourbox=\box72
\pgfnodeparttwentybox=\box73
\pgfnodepartnineteenbox=\box74
\pgfnodeparteighteenbox=\box75
\pgfnodepartseventeenbox=\box76
\pgfnodepartsixteenbox=\box77
\pgfnodepartfifteenbox=\box78
\pgfnodepartfourteenbox=\box79
\pgfnodepartthirteenbox=\box80
\pgfnodeparttwelvebox=\box81
\pgfnodepartelevenbox=\box82
\pgfnodeparttenbox=\box83
\pgfnodepartninebox=\box84
\pgfnodeparteightbox=\box85
\pgfnodepartsevenbox=\box86
\pgfnodepartsixbox=\box87
\pgfnodepartfivebox=\box88
)))
("D:\wobbes\Desktop\New folder\tex\generic\pgf\frontendlayer\tikz\libraries\tik
zlibrarysnakes.code.tex"
File: tikzlibrarysnakes.code.tex 2013/07/15 v3.0.0 (rcs-revision 1.7)


Package pgf Warning: Snakes have been superseded by decorations. Please use the
 decoration libraries instead of the snakes library on input line 14.


("D:\wobbes\Desktop\New folder\tex\generic\pgf\frontendlayer\tikz\libraries\tik
zlibrarydecorations.pathmorphing.code.tex"
("D:\wobbes\Desktop\New folder\tex\generic\pgf\libraries\decorations\pgflibrary
decorations.pathmorphing.code.tex"))
("D:\wobbes\Desktop\New folder\tex\generic\pgf\frontendlayer\tikz\libraries\tik
zlibrarydecorations.pathreplacing.code.tex"
("D:\wobbes\Desktop\New folder\tex\generic\pgf\libraries\decorations\pgflibrary
decorations.pathreplacing.code.tex"))
("D:\wobbes\Desktop\New folder\tex\generic\pgf\frontendlayer\tikz\libraries\tik
zlibrarydecorations.shapes.code.tex"
("D:\wobbes\Desktop\New folder\tex\generic\pgf\libraries\decorations\pgflibrary
decorations.shapes.code.tex")))
("D:\wobbes\Desktop\New folder\tex\generic\pgf\frontendlayer\tikz\libraries\tik
zlibraryfit.code.tex"
File: tikzlibraryfit.code.tex 2013/07/12 v3.0.0 (rcs-revision 1.5)
)
("D:\wobbes\Desktop\New folder\tex\generic\pgf\frontendlayer\tikz\libraries\tik
zlibrarybackgrounds.code.tex"
File: tikzlibrarybackgrounds.code.tex 2013/07/18 v3.0.0 (rcs-revision 1.3)
\pgf@layerbox@background=\box89
\pgf@layerboxsaved@background=\box90
)
("C:\Program Files\MiKTeX 2.9\tex\latex\jknappen\mathrsfs.sty"
Package: mathrsfs 1996/01/01 Math RSFS package v1.0 (jk)
\symrsfs=\mathgroup10
)
("D:\wobbes\Desktop\New folder\tex\latex\wasysym\wasysym.sty"
Package: wasysym 2003/10/30 v2.0 Wasy-2 symbol support package
\symwasy=\mathgroup11
LaTeX Font Info:    Overwriting symbol font `wasy' in version `bold'
(Font)                  U/wasy/m/n --> U/wasy/b/n on input line 90.
)
("D:\wobbes\Desktop\New folder\tex\latex\pdfpages\pdfpages.sty"
Package: pdfpages 2015/09/18 v0.5d Insert pages of external PDF documents (AM)

("C:\Program Files\MiKTeX 2.9\tex\latex\base\ifthen.sty"
Package: ifthen 2001/05/26 v1.1c Standard LaTeX ifthen package (DPC)
)
("D:\wobbes\Desktop\New folder\tex\latex\eso-pic\eso-pic.sty"
Package: eso-pic 2015/07/21 v2.0g eso-pic (RN)
)
\AM@pagewidth=\dimen218
\AM@pageheight=\dimen219

("D:\wobbes\Desktop\New folder\tex\latex\pdfpages\pppdftex.def"
File: pppdftex.def 2015/09/18 v0.5d Pdfpages driver for pdfTeX (AM)
)
\AM@pagebox=\box91
\AM@toc@title=\toks53
\c@AM@survey=\count171
\AM@templatesizebox=\box92
)
("D:\wobbes\Desktop\New folder\tex\latex\paralist\paralist.sty"
Package: paralist 2013/06/09 v2.4 Extended list environments
\pltopsep=\skip60
\plpartopsep=\skip61
\plitemsep=\skip62
\plparsep=\skip63
\pl@lab=\toks54
)
("D:\wobbes\Desktop\New folder\tex\latex\framed\framed.sty"
Package: framed 2011/10/22 v 0.96: framed or shaded text with page breaks
\OuterFrameSep=\skip64
\fb@frw=\dimen220
\fb@frh=\dimen221
\FrameRule=\dimen222
\FrameSep=\dimen223
)
("D:\wobbes\Desktop\New folder\tex\latex\fancybox\fancybox.sty"
Package: fancybox 2010/05/15 1.4

Style option: `fancybox' v1.4 <2010/05/15> (tvz)
\@fancybox=\box93
\shadowsize=\dimen224
\@Sbox=\box94
\do@VerbBox=\toks55
\the@fancyput=\toks56
\this@fancyput=\toks57
\EndVerbatimTokens=\toks58
\Verbatim@Outfile=\write7
\Verbatim@Infile=\read3
) ("C:\Program Files\MiKTeX 2.9\tex\latex\psnfss\pifont.sty"
Package: pifont 2005/04/12 PSNFSS-v9.2a Pi font support (SPQR) 
LaTeX Font Info:    Try loading font information for U+pzd on input line 63.

("C:\Program Files\MiKTeX 2.9\tex\latex\psnfss\upzd.fd"
File: upzd.fd 2001/06/04 font definitions for U/pzd.
)
LaTeX Font Info:    Try loading font information for U+psy on input line 64.

("C:\Program Files\MiKTeX 2.9\tex\latex\psnfss\upsy.fd"
File: upsy.fd 2001/06/04 font definitions for U/psy.
))
("D:\wobbes\Desktop\New folder\tex\latex\pgfplots\pgfplots.sty"
("D:\wobbes\Desktop\New folder\tex\generic\pgfplots\pgfplots.revision.tex")
Package: pgfplots 2015/05/02 v1.12.1 Data Visualization (1.12.1)

("D:\wobbes\Desktop\New folder\tex\generic\pgfplots\pgfplots.code.tex"
("D:\wobbes\Desktop\New folder\tex\generic\pgfplots\pgfplotscore.code.tex"
\t@pgfplots@toka=\toks59
\t@pgfplots@tokb=\toks60
\t@pgfplots@tokc=\toks61
\pgfplots@tmpa=\dimen225
\c@pgfplots@coordindex=\count172
\c@pgfplots@scanlineindex=\count173

("D:\wobbes\Desktop\New folder\tex\generic\pgfplots\sys\pgfplotssysgeneric.code
.tex"))
("D:\wobbes\Desktop\New folder\tex\generic\pgfplots\libs\pgfplotslibrary.code.t
ex")
("D:\wobbes\Desktop\New folder\tex\generic\pgfplots\oldpgfcompatib\pgfplotsoldp
gfsupp_loader.code.tex"
("D:\wobbes\Desktop\New folder\tex\generic\pgf\libraries\pgflibraryfpu.code.tex
")
Package pgfplots: loading complementary arithmetics for your pgf version...

("D:\wobbes\Desktop\New folder\tex\generic\pgfplots\oldpgfcompatib\pgfplotsoldp
gfsupp_pgflibraryfpu.code.tex")
("D:\wobbes\Desktop\New folder\tex\generic\pgfplots\oldpgfcompatib\pgfplotsoldp
gfsupp_pgfmathfloat.code.tex"
\c@pgfmathroundto@lastzeros=\count174
)
("D:\wobbes\Desktop\New folder\tex\generic\pgfplots\oldpgfcompatib\pgfplotsoldp
gfsupp_trig_format.code.tex"))
("D:\wobbes\Desktop\New folder\tex\generic\pgfplots\util\pgfplotsutil.code.tex"

("D:\wobbes\Desktop\New folder\tex\generic\pgfplots\liststructure\pgfplotslists
tructure.code.tex")
("D:\wobbes\Desktop\New folder\tex\generic\pgfplots\liststructure\pgfplotslists
tructureext.code.tex")
("D:\wobbes\Desktop\New folder\tex\generic\pgfplots\liststructure\pgfplotsarray
.code.tex"
\c@pgfplotsarray@tmp=\count175
)
("D:\wobbes\Desktop\New folder\tex\generic\pgfplots\liststructure\pgfplotsmatri
x.code.tex")
("D:\wobbes\Desktop\New folder\tex\generic\pgfplots\numtable\pgfplotstableshare
d.code.tex"
\c@pgfplotstable@counta=\count176
\t@pgfplotstable@a=\toks62
)
("D:\wobbes\Desktop\New folder\tex\generic\pgfplots\liststructure\pgfplotsdeque
.code.tex")
("D:\wobbes\Desktop\New folder\tex\generic\pgfplots\util\pgfplotsbinary.code.te
x"
("D:\wobbes\Desktop\New folder\tex\generic\pgfplots\util\pgfplotsbinary.data.co
de.tex"))
("D:\wobbes\Desktop\New folder\tex\generic\pgfplots\util\pgfplotsutil.verb.code
.tex")
("D:\wobbes\Desktop\New folder\tex\generic\pgfplots\libs\pgflibrarypgfplots.sur
fshading.code.tex"
\c@pgfplotslibrarysurf@no=\count177

("D:\wobbes\Desktop\New folder\tex\generic\pgfplots\sys\pgflibrarypgfplots.surf
shading.pgfsys-pdftex.def")))
("D:\wobbes\Desktop\New folder\tex\generic\pgfplots\util\pgfplotscolormap.code.
tex"
("D:\wobbes\Desktop\New folder\tex\generic\pgfplots\util\pgfplotscolor.code.tex
"))
("D:\wobbes\Desktop\New folder\tex\generic\pgfplots\pgfplotsstackedplots.code.t
ex")
("D:\wobbes\Desktop\New folder\tex\generic\pgfplots\pgfplotsplothandlers.code.t
ex"
("D:\wobbes\Desktop\New folder\tex\generic\pgfplots\pgfplotsmeshplothandler.cod
e.tex"))
("D:\wobbes\Desktop\New folder\tex\generic\pgfplots\pgfplots.scaling.code.tex")

("D:\wobbes\Desktop\New folder\tex\generic\pgfplots\pgfplotscoordprocessing.cod
e.tex")
("D:\wobbes\Desktop\New folder\tex\generic\pgfplots\pgfplots.errorbars.code.tex
") ("D:\wobbes\Desktop\New folder\tex\generic\pgfplots\pgfplots.markers.code.te
x") ("D:\wobbes\Desktop\New folder\tex\generic\pgfplots\pgfplotsticks.code.tex"
) ("D:\wobbes\Desktop\New folder\tex\generic\pgfplots\pgfplots.paths.code.tex")
\pgfplots@numplots=\count178
\pgfplots@xmin@reg=\dimen226
\pgfplots@xmax@reg=\dimen227
\pgfplots@ymin@reg=\dimen228
\pgfplots@ymax@reg=\dimen229
\pgfplots@zmin@reg=\dimen230
\pgfplots@zmax@reg=\dimen231
)
("D:\wobbes\Desktop\New folder\tex\generic\pgf\frontendlayer\tikz\libraries\tik
zlibraryplotmarks.code.tex"
File: tikzlibraryplotmarks.code.tex 2008/01/09 v3.0.0 (rcs-revision 1.1)

("D:\wobbes\Desktop\New folder\tex\generic\pgf\libraries\pgflibraryplotmarks.co
de.tex"
File: pgflibraryplotmarks.code.tex 2013/07/20 v3.0.0 (rcs-revision 1.13)
)))
("D:\wobbes\Desktop\New folder\tex\latex\listofsymbols\listofsymbols.sty"
Package: listofsymbols 
\symindent=\skip65
\symwidth=\skip66
\sympagenowidth=\skip67

("C:\Program Files\MiKTeX 2.9\tex\latex\tools\xspace.sty"
Package: xspace 2009/10/20 v1.13 Space after command names (DPC,MH)
)
\old@parskip=\skip68
\old@parindent=\skip69
)
("C:\Program Files\MiKTeX 2.9\tex\latex\multirow\multirow.sty"
\bigstrutjot=\dimen232
)
("D:\wobbes\Desktop\New folder\tex\latex\appendixnumberbeamer\appendixnumberbea
mer.sty") ("C:\Program Files\MiKTeX 2.9\tex\latex\psnfss\helvet.sty"
Package: helvet 2005/04/12 PSNFSS-v9.2a (WaS) 
)
("D:\wobbes\Desktop\New folder\tex\latex\natbib\natbib.sty"
Package: natbib 2010/09/13 8.31b (PWD, AO)
\bibhang=\skip70
\bibsep=\skip71
LaTeX Info: Redefining \cite on input line 694.
\c@NAT@ctr=\count179
)
("D:\wobbes\Desktop\New folder\tex\generic\pgfplots\libs\tikzlibrarypgfplots.un
its.code.tex") (D:\wobbes\Documents\MATLAB\NEW\MPMtry\presentatie\03feb16.aux)
LaTeX Font Info:    Checking defaults for OML/pxmi/m/it on input line 49.
LaTeX Font Info:    Try loading font information for OML+pxmi on input line 49.


("D:\wobbes\Desktop\New folder\tex\latex\pxfonts\omlpxmi.fd"
File: omlpxmi.fd 2000/12/14 v1.0
)
LaTeX Font Info:    ... okay on input line 49.
LaTeX Font Info:    Checking defaults for T1/cmr/m/n on input line 49.
LaTeX Font Info:    ... okay on input line 49.
LaTeX Font Info:    Checking defaults for OT1/cmr/m/n on input line 49.
LaTeX Font Info:    ... okay on input line 49.
LaTeX Font Info:    Checking defaults for OMS/pxsy/m/n on input line 49.
LaTeX Font Info:    Try loading font information for OMS+pxsy on input line 49.


("D:\wobbes\Desktop\New folder\tex\latex\pxfonts\omspxsy.fd"
File: omspxsy.fd 2000/12/14 v1.0
)
LaTeX Font Info:    ... okay on input line 49.
LaTeX Font Info:    Checking defaults for OMX/pxex/m/n on input line 49.
LaTeX Font Info:    Try loading font information for OMX+pxex on input line 49.


("D:\wobbes\Desktop\New folder\tex\latex\pxfonts\omxpxex.fd"
File: omxpxex.fd 2000/12/14 v1.0
)
LaTeX Font Info:    ... okay on input line 49.
LaTeX Font Info:    Checking defaults for U/pxexa/m/n on input line 49.
LaTeX Font Info:    Try loading font information for U+pxexa on input line 49.

("D:\wobbes\Desktop\New folder\tex\latex\pxfonts\upxexa.fd"
File: upxexa.fd 2000/12/14 v1.0
)
LaTeX Font Info:    ... okay on input line 49.
LaTeX Font Info:    Checking defaults for PD1/pdf/m/n on input line 49.
LaTeX Font Info:    ... okay on input line 49.
LaTeX Font Info:    Try loading font information for OT1+phv on input line 49.

("C:\Program Files\MiKTeX 2.9\tex\latex\psnfss\ot1phv.fd"
File: ot1phv.fd 2001/06/04 scalable font definitions for OT1/phv.
)
LaTeX Font Info:    Font shape `OT1/phv/m/n' will be
(Font)              scaled to size 10.40245pt on input line 49.

*geometry* driver: auto-detecting
*geometry* detected driver: pdftex
*geometry* verbose mode - [ preamble ] result:
* driver: pdftex
* paper: custom
* layout: <same size as paper>
* layoutoffset:(h,v)=(0.0pt,0.0pt)
* modes: includehead includefoot 
* h-part:(L,W,R)=(28.45274pt, 321.51625pt, 14.22636pt)
* v-part:(T,H,B)=(0.0pt, 273.14662pt, 0.0pt)
* \paperwidth=364.19536pt
* \paperheight=273.14662pt
* \textwidth=321.51625pt
* \textheight=244.6939pt
* \oddsidemargin=-43.81725pt
* \evensidemargin=-43.81725pt
* \topmargin=-72.26999pt
* \headheight=14.22636pt
* \headsep=0.0pt
* \topskip=11.0pt
* \footskip=14.22636pt
* \marginparwidth=4.0pt
* \marginparsep=10.0pt
* \columnsep=10.0pt
* \skip\footins=10.0pt plus 4.0pt minus 2.0pt
* \hoffset=0.0pt
* \voffset=0.0pt
* \mag=1000
* \@twocolumnfalse
* \@twosidefalse
* \@mparswitchfalse
* \@reversemarginfalse
* (1in=72.27pt=25.4mm, 1cm=28.453pt)

("D:\wobbes\Desktop\New folder\tex\context\base\supp-pdf.mkii"
[Loading MPS to PDF converter (version 2006.09.02).]
\scratchcounter=\count180
\scratchdimen=\dimen233
\scratchbox=\box95
\nofMPsegments=\count181
\nofMParguments=\count182
\everyMPshowfont=\toks63
\MPscratchCnt=\count183
Normal \dimen register pool exhausted, switching to extended pool.
\MPscratchDim=\dimen256
\MPnumerator=\count184
\makeMPintoPDFobject=\count185
\everyMPtoPDFconversion=\toks64
) ABD: EveryShipout initializing macros
\AtBeginShipoutBox=\box96
Package hyperref Info: Link coloring OFF on input line 49.

("C:\Program Files\MiKTeX 2.9\tex\latex\hyperref\nameref.sty"
Package: nameref 2012/10/27 v2.43 Cross-referencing by name of section

("C:\Program Files\MiKTeX 2.9\tex\generic\oberdiek\gettitlestring.sty"
Package: gettitlestring 2010/12/03 v1.4 Cleanup title references (HO)
)
\c@section@level=\count186
)
LaTeX Info: Redefining \ref on input line 49.
LaTeX Info: Redefining \pageref on input line 49.
LaTeX Info: Redefining \nameref on input line 49.

(D:\wobbes\Documents\MATLAB\NEW\MPMtry\presentatie\03feb16.out)
(D:\wobbes\Documents\MATLAB\NEW\MPMtry\presentatie\03feb16.out)
\@outlinefile=\write8

("D:\wobbes\Desktop\New folder\tex\latex\beamer\base\translator\dicts\translato
r-basic-dictionary\translator-basic-dictionary-English.dict"
Dictionary: translator-basic-dictionary, Language: English 
)
("D:\wobbes\Desktop\New folder\tex\latex\beamer\base\translator\dicts\translato
r-bibliography-dictionary\translator-bibliography-dictionary-English.dict"
Dictionary: translator-bibliography-dictionary, Language: English 
)
("D:\wobbes\Desktop\New folder\tex\latex\beamer\base\translator\dicts\translato
r-environment-dictionary\translator-environment-dictionary-English.dict"
Dictionary: translator-environment-dictionary, Language: English 
)
("D:\wobbes\Desktop\New folder\tex\latex\beamer\base\translator\dicts\translato
r-months-dictionary\translator-months-dictionary-English.dict"
Dictionary: translator-months-dictionary, Language: English 
)
("D:\wobbes\Desktop\New folder\tex\latex\beamer\base\translator\dicts\translato
r-numbers-dictionary\translator-numbers-dictionary-English.dict"
Dictionary: translator-numbers-dictionary, Language: English 
)
("D:\wobbes\Desktop\New folder\tex\latex\beamer\base\translator\dicts\translato
r-theorem-dictionary\translator-theorem-dictionary-English.dict"
Dictionary: translator-theorem-dictionary, Language: English 
)
LaTeX Info: Redefining \includegraphics on input line 49.

("D:\wobbes\Desktop\New folder\tex\latex\ucs\ucsencs.def"
File: ucsencs.def 2011/01/21 Fixes to fontencodings LGR, T3
)
("C:\Program Files\MiKTeX 2.9\tex\latex\oberdiek\pdflscape.sty"
Package: pdflscape 2008/08/11 v0.10 Display of landscape pages in PDF (HO)

("C:\Program Files\MiKTeX 2.9\tex\latex\graphics\lscape.sty"
Package: lscape 2000/10/22 v3.01 Landscape Pages (DPC)
)
Package pdflscape Info: Auto-detected driver: pdftex on input line 80.
)

Package pgfplots Warning: running in backwards compatibility mode (unsuitable t
ick labels; missing features). Consider writing \pgfplotsset{compat=1.12} into 
your preamble.
 on input line 49.

(D:\wobbes\Documents\MATLAB\NEW\MPMtry\presentatie\03feb16.nav)
LaTeX Font Info:    Font shape `OT1/phv/m/n' will be
(Font)              scaled to size 5.69998pt on input line 49.

<images/tudelft_logo.pdf, id=16, 163.61125pt x 77.28876pt>
File: images/tudelft_logo.pdf Graphic file (type pdf)

<use images/tudelft_logo.pdf>
Package pdftex.def Info: images/tudelft_logo.pdf used on input line 49.
(pdftex.def)             Requested size: 30.69476pt x 11.38109pt.
\titleBox=\box97
\subtitleBox=\box98
\instituteBox=\box99
\authorBox=\box100
\dateBox=\box101
LaTeX Font Info:    Try loading font information for OT1+pxr on input line 54.

("D:\wobbes\Desktop\New folder\tex\latex\pxfonts\ot1pxr.fd"
File: ot1pxr.fd 2000/12/14 v1.0
)
\titleBoxWidth=\skip72
\titleBoxInnerWidth=\skip73
LaTeX Font Info:    Font shape `OT1/phv/m/n' will be
(Font)              scaled to size 3.79999pt on input line 54.
File: images/tudelft_logo.pdf Graphic file (type pdf)

<use images/tudelft_logo.pdf>
Package pdftex.def Info: images/tudelft_logo.pdf used on input line 54.
(pdftex.def)             Requested size: 30.69476pt x 11.38109pt.

Overfull \hbox (1.57895pt too wide) has occurred while \output is active
[] 
 []

[1

{C:/Users/wobbes/AppData/Local/MiKTeX/2.9/pdftex/config/pdftex.map} <D:/wobbes/
Documents/MATLAB/NEW/MPMtry/presentatie/images/tudelft_logo.pdf>]
LaTeX Font Info:    Font shape `OT1/phv/m/n' will be
(Font)              scaled to size 9.49997pt on input line 75.
LaTeX Font Info:    Try loading font information for OMS+phv on input line 75.

("C:\Program Files\MiKTeX 2.9\tex\latex\psnfss\omsphv.fd"
File: omsphv.fd 
)
LaTeX Font Info:    Font shape `OMS/phv/m/n' in size <10> not available
(Font)              Font shape `OMS/cmsy/m/n' tried instead on input line 75.
LaTeX Font Info:    Font shape `OT1/phv/m/n' will be
(Font)              scaled to size 8.54997pt on input line 75.
LaTeX Font Info:    Font shape `OMS/phv/m/n' in size <9> not available
(Font)              Font shape `OMS/cmsy/m/n' tried instead on input line 75.

Overfull \hbox (16.38635pt too wide) in paragraph at lines 75--75
[]|  []  
 []

File: images/tudelft_logo.pdf Graphic file (type pdf)
<use images/tudelft_logo.pdf>
Package pdftex.def Info: images/tudelft_logo.pdf used on input line 75.
(pdftex.def)             Requested size: 30.69476pt x 11.38109pt.

Overfull \hbox (1.57895pt too wide) has occurred while \output is active
[] 
 []

[2

]
Overfull \hbox (16.38635pt too wide) in paragraph at lines 75--75
[]|  []  
 []

File: images/tudelft_logo.pdf Graphic file (type pdf)
<use images/tudelft_logo.pdf>
Package pdftex.def Info: images/tudelft_logo.pdf used on input line 75.
(pdftex.def)             Requested size: 30.69476pt x 11.38109pt.

Overfull \hbox (1.57895pt too wide) has occurred while \output is active
[] 
 []

[3

]
Overfull \hbox (16.38635pt too wide) in paragraph at lines 86--86
[]|  []  
 []

File: images/tudelft_logo.pdf Graphic file (type pdf)
<use images/tudelft_logo.pdf>
Package pdftex.def Info: images/tudelft_logo.pdf used on input line 86.
(pdftex.def)             Requested size: 30.69476pt x 11.38109pt.

Overfull \hbox (1.57895pt too wide) has occurred while \output is active
[] 
 []

[4

]
LaTeX Font Info:    Try loading font information for U+pxsya on input line 157.

 ("D:\wobbes\Desktop\New folder\tex\latex\pxfonts\upxsya.fd"
File: upxsya.fd 2000/12/14 v1.0
)
LaTeX Font Info:    Try loading font information for U+pxsyb on input line 157.


("D:\wobbes\Desktop\New folder\tex\latex\pxfonts\upxsyb.fd"
File: utxsyb.fd 2000/12/14 v1.0
)
LaTeX Font Info:    Try loading font information for U+pxmia on input line 157.


("D:\wobbes\Desktop\New folder\tex\latex\pxfonts\upxmia.fd"
File: upxmia.fd 2000/12/14 v1.0
)
LaTeX Font Info:    Try loading font information for U+pxsyc on input line 157.


("D:\wobbes\Desktop\New folder\tex\latex\pxfonts\upxsyc.fd"
File: upxsyc.fd 2000/12/14 v1.0
)
LaTeX Font Info:    Try loading font information for U+rsfs on input line 157.

("C:\Program Files\MiKTeX 2.9\tex\latex\jknappen\ursfs.fd"
File: ursfs.fd 1998/03/24 rsfs font definition file (jk)
)
LaTeX Font Info:    Try loading font information for U+wasy on input line 157.

("D:\wobbes\Desktop\New folder\tex\latex\wasysym\uwasy.fd"
File: uwasy.fd 2003/10/30 v2.0 Wasy-2 symbol font definitions
)
Overfull \hbox (16.38635pt too wide) in paragraph at lines 157--157
[]|  []  
 []

File: images/tudelft_logo.pdf Graphic file (type pdf)
<use images/tudelft_logo.pdf>
Package pdftex.def Info: images/tudelft_logo.pdf used on input line 157.
(pdftex.def)             Requested size: 30.69476pt x 11.38109pt.

Overfull \hbox (1.57895pt too wide) has occurred while \output is active
[] 
 []

[5

]
Overfull \hbox (16.38635pt too wide) in paragraph at lines 223--223
[]|  []  
 []

File: images/tudelft_logo.pdf Graphic file (type pdf)
<use images/tudelft_logo.pdf>
Package pdftex.def Info: images/tudelft_logo.pdf used on input line 223.
(pdftex.def)             Requested size: 30.69476pt x 11.38109pt.

Overfull \hbox (1.57895pt too wide) has occurred while \output is active
[] 
 []

[6

] <images/accuracy_vib_bar.png, id=238, 699.21225pt x 555.87675pt>
File: images/accuracy_vib_bar.png Graphic file (type png)

<use images/accuracy_vib_bar.png>
Package pdftex.def Info: images/accuracy_vib_bar.png used on input line 229.
(pdftex.def)             Requested size: 254.93828pt x 191.20091pt.

Overfull \hbox (16.38635pt too wide) in paragraph at lines 229--229
[]|  []  
 []

File: images/tudelft_logo.pdf Graphic file (type pdf)
<use images/tudelft_logo.pdf>
Package pdftex.def Info: images/tudelft_logo.pdf used on input line 229.
(pdftex.def)             Requested size: 30.69476pt x 11.38109pt.

Overfull \hbox (1.57895pt too wide) has occurred while \output is active
[] 
 []

[7

 <D:/wobbes/Documents/MATLAB/NEW/MPMtry/presentatie/images/accuracy_vib_bar.png
>]
Overfull \hbox (16.38635pt too wide) in paragraph at lines 297--297
[]|  []  
 []

File: images/tudelft_logo.pdf Graphic file (type pdf)
<use images/tudelft_logo.pdf>
Package pdftex.def Info: images/tudelft_logo.pdf used on input line 297.
(pdftex.def)             Requested size: 30.69476pt x 11.38109pt.

Overfull \hbox (1.57895pt too wide) has occurred while \output is active
[] 
 []

[8

]
Overfull \hbox (16.38635pt too wide) in paragraph at lines 313--313
[]|  []  
 []

File: images/tudelft_logo.pdf Graphic file (type pdf)
<use images/tudelft_logo.pdf>
Package pdftex.def Info: images/tudelft_logo.pdf used on input line 313.
(pdftex.def)             Requested size: 30.69476pt x 11.38109pt.

Overfull \hbox (1.57895pt too wide) has occurred while \output is active
[] 
 []

[9

]
Overfull \hbox (16.38635pt too wide) in paragraph at lines 313--313
[]|  []  
 []

File: images/tudelft_logo.pdf Graphic file (type pdf)
<use images/tudelft_logo.pdf>
Package pdftex.def Info: images/tudelft_logo.pdf used on input line 313.
(pdftex.def)             Requested size: 30.69476pt x 11.38109pt.

Overfull \hbox (1.57895pt too wide) has occurred while \output is active
[] 
 []

[10

]
Overfull \hbox (16.38635pt too wide) in paragraph at lines 313--313
[]|  []  
 []

File: images/tudelft_logo.pdf Graphic file (type pdf)
<use images/tudelft_logo.pdf>
Package pdftex.def Info: images/tudelft_logo.pdf used on input line 313.
(pdftex.def)             Requested size: 30.69476pt x 11.38109pt.

Overfull \hbox (1.57895pt too wide) has occurred while \output is active
[] 
 []

[11

] <images/consolidation.png, id=391, 588.39825pt x 452.892pt>
File: images/consolidation.png Graphic file (type png)

<use images/consolidation.png>
Package pdftex.def Info: images/consolidation.png used on input line 318.
(pdftex.def)             Requested size: 254.93663pt x 191.20154pt.

Overfull \hbox (16.38635pt too wide) in paragraph at lines 318--318
[]|  []  
 []

File: images/tudelft_logo.pdf Graphic file (type pdf)
<use images/tudelft_logo.pdf>
Package pdftex.def Info: images/tudelft_logo.pdf used on input line 318.
(pdftex.def)             Requested size: 30.69476pt x 11.38109pt.

Overfull \hbox (1.57895pt too wide) has occurred while \output is active
[] 
 []

[12

 <D:/wobbes/Documents/MATLAB/NEW/MPMtry/presentatie/images/consolidation.png>] 
<images/efs_1Dwave_prop.png, id=422, 499.26524pt x 408.92775pt>
File: images/efs_1Dwave_prop.png Graphic file (type png)

<use images/efs_1Dwave_prop.png>
Package pdftex.def Info: images/efs_1Dwave_prop.png used on input line 323.
(pdftex.def)             Requested size: 291.3643pt x 218.51523pt.

Overfull \hbox (16.38635pt too wide) in paragraph at lines 323--323
[]|  []  
 []


Overfull \vbox (8.76628pt too high) detected at line 323
 []

File: images/tudelft_logo.pdf Graphic file (type pdf)
<use images/tudelft_logo.pdf>
Package pdftex.def Info: images/tudelft_logo.pdf used on input line 323.
(pdftex.def)             Requested size: 30.69476pt x 11.38109pt.

Overfull \hbox (1.57895pt too wide) has occurred while \output is active
[] 
 []

[13

 <D:/wobbes/Documents/MATLAB/NEW/MPMtry/presentatie/images/efs_1Dwave_prop.png>
] <images/pp_1Dwave_prop.png, id=454, 487.22025pt x 404.10976pt>
File: images/pp_1Dwave_prop.png Graphic file (type png)

<use images/pp_1Dwave_prop.png>
Package pdftex.def Info: images/pp_1Dwave_prop.png used on input line 328.
(pdftex.def)             Requested size: 291.35306pt x 218.52432pt.

Overfull \hbox (16.38635pt too wide) in paragraph at lines 328--328
[]|  []  
 []


Overfull \vbox (8.77538pt too high) detected at line 328
 []

File: images/tudelft_logo.pdf Graphic file (type pdf)
<use images/tudelft_logo.pdf>
Package pdftex.def Info: images/tudelft_logo.pdf used on input line 328.
(pdftex.def)             Requested size: 30.69476pt x 11.38109pt.

Overfull \hbox (1.57895pt too wide) has occurred while \output is active
[] 
 []

[14

 <D:/wobbes/Documents/MATLAB/NEW/MPMtry/presentatie/images/pp_1Dwave_prop.png>]

Overfull \hbox (16.38635pt too wide) in paragraph at lines 345--345
[]|  []  
 []

File: images/tudelft_logo.pdf Graphic file (type pdf)
<use images/tudelft_logo.pdf>
Package pdftex.def Info: images/tudelft_logo.pdf used on input line 345.
(pdftex.def)             Requested size: 30.69476pt x 11.38109pt.

Overfull \hbox (1.57895pt too wide) has occurred while \output is active
[] 
 []

[15

]
Overfull \hbox (16.38635pt too wide) in paragraph at lines 345--345
[]|  []  
 []

File: images/tudelft_logo.pdf Graphic file (type pdf)
<use images/tudelft_logo.pdf>
Package pdftex.def Info: images/tudelft_logo.pdf used on input line 345.
(pdftex.def)             Requested size: 30.69476pt x 11.38109pt.

Overfull \hbox (1.57895pt too wide) has occurred while \output is active
[] 
 []

[16

]
Overfull \hbox (16.38635pt too wide) in paragraph at lines 345--345
[]|  []  
 []

File: images/tudelft_logo.pdf Graphic file (type pdf)
<use images/tudelft_logo.pdf>
Package pdftex.def Info: images/tudelft_logo.pdf used on input line 345.
(pdftex.def)             Requested size: 30.69476pt x 11.38109pt.

Overfull \hbox (1.57895pt too wide) has occurred while \output is active
[] 
 []

[17

]
Overfull \hbox (16.38635pt too wide) in paragraph at lines 345--345
[]|  []  
 []

File: images/tudelft_logo.pdf Graphic file (type pdf)
<use images/tudelft_logo.pdf>
Package pdftex.def Info: images/tudelft_logo.pdf used on input line 345.
(pdftex.def)             Requested size: 30.69476pt x 11.38109pt.

Overfull \hbox (1.57895pt too wide) has occurred while \output is active
[] 
 []

[18

]
Overfull \hbox (16.38635pt too wide) in paragraph at lines 345--345
[]|  []  
 []

File: images/tudelft_logo.pdf Graphic file (type pdf)
<use images/tudelft_logo.pdf>
Package pdftex.def Info: images/tudelft_logo.pdf used on input line 345.
(pdftex.def)             Requested size: 30.69476pt x 11.38109pt.

Overfull \hbox (1.57895pt too wide) has occurred while \output is active
[] 
 []

[19

]
Overfull \hbox (16.38635pt too wide) in paragraph at lines 355--355
[]|  []  
 []

File: images/tudelft_logo.pdf Graphic file (type pdf)
<use images/tudelft_logo.pdf>
Package pdftex.def Info: images/tudelft_logo.pdf used on input line 355.
(pdftex.def)             Requested size: 30.69476pt x 11.38109pt.

Overfull \hbox (1.57895pt too wide) has occurred while \output is active
[] 
 []

[20

]
Overfull \hbox (16.38635pt too wide) in paragraph at lines 367--367
[]|  []  
 []

File: images/tudelft_logo.pdf Graphic file (type pdf)
<use images/tudelft_logo.pdf>
Package pdftex.def Info: images/tudelft_logo.pdf used on input line 367.
(pdftex.def)             Requested size: 30.69476pt x 11.38109pt.

Overfull \hbox (1.57895pt too wide) has occurred while \output is active
[] 
 []

[21

]
Overfull \hbox (16.38635pt too wide) in paragraph at lines 392--392
[]|  []  
 []

File: images/tudelft_logo.pdf Graphic file (type pdf)
<use images/tudelft_logo.pdf>
Package pdftex.def Info: images/tudelft_logo.pdf used on input line 392.
(pdftex.def)             Requested size: 30.69476pt x 11.38109pt.

Overfull \hbox (1.57895pt too wide) has occurred while \output is active
[] 
 []

[22

]
Overfull \vbox (13.6801pt too high) detected at line 515
 []


Overfull \hbox (16.38635pt too wide) in paragraph at lines 515--515
[]|  []  
 []

File: images/tudelft_logo.pdf Graphic file (type pdf)
<use images/tudelft_logo.pdf>
Package pdftex.def Info: images/tudelft_logo.pdf used on input line 515.
(pdftex.def)             Requested size: 30.69476pt x 11.38109pt.

Overfull \hbox (1.57895pt too wide) has occurred while \output is active
[] 
 []

[23

]
Overfull \vbox (12.28899pt too high) detected at line 515
 []


Overfull \hbox (16.38635pt too wide) in paragraph at lines 515--515
[]|  []  
 []

File: images/tudelft_logo.pdf Graphic file (type pdf)
<use images/tudelft_logo.pdf>
Package pdftex.def Info: images/tudelft_logo.pdf used on input line 515.
(pdftex.def)             Requested size: 30.69476pt x 11.38109pt.

Overfull \hbox (1.57895pt too wide) has occurred while \output is active
[] 
 []

[24

]
Overfull \vbox (11.6964pt too high) detected at line 640
 []


Overfull \hbox (16.38635pt too wide) in paragraph at lines 640--640
[]|  []  
 []

File: images/tudelft_logo.pdf Graphic file (type pdf)
<use images/tudelft_logo.pdf>
Package pdftex.def Info: images/tudelft_logo.pdf used on input line 640.
(pdftex.def)             Requested size: 30.69476pt x 11.38109pt.

Overfull \hbox (1.57895pt too wide) has occurred while \output is active
[] 
 []

[25

]
Overfull \vbox (11.6964pt too high) detected at line 640
 []


Overfull \hbox (16.38635pt too wide) in paragraph at lines 640--640
[]|  []  
 []

File: images/tudelft_logo.pdf Graphic file (type pdf)
<use images/tudelft_logo.pdf>
Package pdftex.def Info: images/tudelft_logo.pdf used on input line 640.
(pdftex.def)             Requested size: 30.69476pt x 11.38109pt.

Overfull \hbox (1.57895pt too wide) has occurred while \output is active
[] 
 []

[26

]
\tf@nav=\write9
\tf@toc=\write10
\tf@snm=\write11
\@syc=\write12
\@suc=\write13
Package atveryend Info: Empty hook `BeforeClearDocument' on input line 643.
Package atveryend Info: Empty hook `AfterLastShipout' on input line 643.
 (D:\wobbes\Documents\MATLAB\NEW\MPMtry\presentatie\03feb16.aux)
Package atveryend Info: Empty hook `AtVeryEndDocument' on input line 643.
Package atveryend Info: Executing hook `AtEndAfterFileList' on input line 643.
Package rerunfilecheck Info: File `03feb16.out' has not changed.
(rerunfilecheck)             Checksum: A7F4D589709A975A14292322A595ED53;42.
Package atveryend Info: Empty hook `AtVeryVeryEnd' on input line 643.
 ) 
Here is how much of TeX's memory you used:
 36396 strings out of 493921
 867848 string characters out of 3147279
 1082507 words of memory out of 3000000
 38798 multiletter control sequences out of 15000+200000
 29576 words of font info for 80 fonts, out of 3000000 for 9000
 841 hyphenation exceptions out of 8191
 54i,21n,77p,993b,2394s stack positions out of 5000i,500n,10000p,200000b,50000s
{C:/Program Files/MiKTeX 2.9/fonts/enc/dvips/fontname/8r.enc}<C:/Program File
s/MiKTeX 2.9/fonts/type1/public/amsfonts/cm/cmsy10.pfb><C:/Program Files/MiKTeX
 2.9/fonts/type1/public/amsfonts/cm/cmsy9.pfb><D:/wobbes/Desktop/New folder/fon
ts/type1/public/pxfonts/pxex.pfb><D:/wobbes/Desktop/New folder/fonts/type1/publ
ic/pxfonts/pxsy.pfb><D:/wobbes/Desktop/New folder/fonts/type1/public/pxfonts/rp
xmi.pfb><D:/wobbes/Desktop/New folder/fonts/type1/public/pxfonts/rpxr.pfb><C:/P
rogram Files/MiKTeX 2.9/fonts/type1/urw/helvetic/uhvr8a.pfb><C:/Program Files/M
iKTeX 2.9/fonts/type1/urw/palatino/uplb8a.pfb><C:/Program Files/MiKTeX 2.9/font
s/type1/urw/palatino/uplr8a.pfb><C:/Program Files/MiKTeX 2.9/fonts/type1/urw/pa
latino/uplri8a.pfb>
Output written on 03feb16.pdf (26 pages, 396025 bytes).
PDF statistics:
 890 PDF objects out of 1000 (max. 8388607)
 54 named destinations out of 1000 (max. 500000)
 238 words of extra memory for PDF output out of 10000 (max. 10000000)

